<?xml version="1.0" encoding="UTF-8"?>
<testsuite xmlns:xsi="http://www.w3.org/2001/XMLSchema-instance" xsi:noNamespaceSchemaLocation="https://maven.apache.org/surefire/maven-surefire-plugin/xsd/surefire-test-report.xsd" name="com.ustl.ifi.tp.pokemon_type_api.repository.PokemonTypeRepositoryImplTest" time="0.333" tests="6" errors="0" skipped="0" failures="0">
  <properties>
[...]
</properties>
  <testcase name="applicationContext_shouldLoadPokemonRepository" classname="com.ustl.ifi.tp.pokemon_type_api.repository.PokemonTypeRepositoryImplTest" time="0.175"/>
  <testcase name="findAllPokemonType_shouldReturn151Pokemons" classname="com.ustl.ifi.tp.pokemon_type_api.repository.PokemonTypeRepositoryImplTest" time="0"/>
  <testcase name="findPokemonTypeById_with25_shouldReturnPikachu" classname="com.ustl.ifi.tp.pokemon_type_api.repository.PokemonTypeRepositoryImplTest" time="0.003"/>
  <testcase name="findPokemonTypeByName_withEevee_shouldReturnEevee" classname="com.ustl.ifi.tp.pokemon_type_api.repository.PokemonTypeRepositoryImplTest" time="0.001"/>
  <testcase name="findPokemonTypeByName_withMewTwo_shouldReturnMewTwo" classname="com.ustl.ifi.tp.pokemon_type_api.repository.PokemonTypeRepositoryImplTest" time="0"/>
  <testcase name="findPokemonTypeById_with145_shouldReturnZapdos" classname="com.ustl.ifi.tp.pokemon_type_api.repository.PokemonTypeRepositoryImplTest" time="0.001"/>
</testsuite>